2018-11-02 14:37:28,391 run_main.py--> go_on_run  20: INFO --> 测试失败
2018-11-02 14:37:28,391 run_main.py--> go_on_run  20: INFO --> 测试失败
2018-11-02 14:37:28,392 run_main.py--> go_on_run  20: INFO --> 失败case名称：登录
2018-11-02 14:37:28,392 run_main.py--> go_on_run  20: INFO --> 失败case名称：登录
2018-11-02 14:37:28,392 run_main.py--> go_on_run  20: INFO --> 失败的行数：2
2018-11-02 14:37:28,392 run_main.py--> go_on_run  20: INFO --> 失败的行数：2
2018-11-02 14:37:28,425 run_main.py--> go_on_run  20: INFO --> url:https://m.imooc.com/passport/user/login
2018-11-02 14:37:28,425 run_main.py--> go_on_run  20: INFO --> url:https://m.imooc.com/passport/user/login
2018-11-02 14:37:28,425 run_main.py--> go_on_run  20: INFO --> 失败请求数据:{'timestamp': 200, 'uid': '请求成功', 'trade_number': '1710141907182334', 'secrect': '694697627cbd7fc65f9d0f82f4fe9849', 'from': '2', 'token': 'f7d58a0db8381086dc10864b24badb7f', 'pay_way': '1'}
2018-11-02 14:37:28,425 run_main.py--> go_on_run  20: INFO --> 失败请求数据:{'timestamp': 200, 'uid': '请求成功', 'trade_number': '1710141907182334', 'secrect': '694697627cbd7fc65f9d0f82f4fe9849', 'from': '2', 'token': 'f7d58a0db8381086dc10864b24badb7f', 'pay_way': '1'}
2018-11-02 14:37:28,426 run_main.py--> go_on_run  20: INFO --> 失败响应数据:{
  "data": [],
  "msg": "参数错误",
  "status": 90008
}
2018-11-02 14:37:28,426 run_main.py--> go_on_run  20: INFO --> 失败响应数据:{
  "data": [],
  "msg": "参数错误",
  "status": 90008
}
2018-11-02 14:37:28,593 run_main.py--> go_on_run  20: INFO --> 测试通过
2018-11-02 14:37:28,593 run_main.py--> go_on_run  20: INFO --> 测试通过
2018-11-02 14:37:28,593 run_main.py--> go_on_run  20: INFO --> 通过响应数据{
  "code": "200",
  "data": [
    {
      "address": "唐山市路南区国际五金城东川山甲仓库",
      "belongto": null,
      "belongtype": null,
      "bussinesscorp": null,
      "dc": "4028813260fca5590160fdfad37f008f",
      "deviceno": null,
      "id": "4028813255d845610155dd6ef2a70097",
      "iswmsintegrate": null,
      "linkman": null,
      "manager": null,
      "memo": null,
      "nodeid": null,
      "objlevel": "4028813255425d28015543b5d3a40427",
      "objtype": "4028813255425d28015543b7e0be042b",
      "requestid": "4028813255d845610155dd6ef1fc0095",
      "rowindex": null,
      "storename": "川山甲唐山区域库-test",
      "storeno": "0002",
      "tel": "1864768 1520"
    },
    {
      "address": "嘉兴市秀洲区吉蚂西路183号（川山甲嘉兴一级库）",
      "belongto": "4028813258ffe1cf01590071ebc5003d",
      "belongtype": "402881315c2d8a1a015c2f88eb600932",
      "bussinesscorp": null,
      "dc": "40288132612083dc01612208881d0185",
      "deviceno": null,
      "id": "402881325741bf120157d17e09b82b8f",
      "iswmsintegrate": "1",
      "linkman": "11",
      "manager": null,
      "memo": null,
      "nodeid": null,
      "objlevel": "4028813255425d28015543b5d3a40426",
      "objtype": "4028813255425d28015543b7e0be042b",
      "requestid": "402881325741bf120157d17e096a2b8d",
      "rowindex": null,
      "storename": "嘉兴MRO仓",
      "storeno": "D0004",
      "tel": "15888804320"
    },
    {
      "address": "宝安体育馆",
      "belongto": null,
      "belongtype": "402881315c2d8a1a015c2f88eb600934",
      "bussinesscorp": null,
      "dc": null,
      "deviceno": null,
      "id": "4028813258ffe1cf0159007563920049",
      "iswmsintegrate": null,
      "linkman": "何先生",
      "manager": null,
      "memo": null,
      "nodeid": null,
      "objlevel": "4028813255425d28015543b5d3a40427",
      "objtype": "4028813255425d28015543b7e0be042b",
      "requestid": "4028813258ffe1cf0159007563240047",
      "rowindex": null,
      "storename": "深圳中心库-虚拟",
      "storeno": "sz0001",
      "tel": "18767159265"
    },
    {
      "address": "嘉兴市秀洲区吉蚂西路183号（川山甲嘉兴一级库）",
      "belongto": null,
      "belongtype": null,
      "bussinesscorp": null,
      "dc": "40288132612083dc01612208881d0185",
      "deviceno": null,
      "id": "402881325741bf120157d17da77c2b8c",
      "iswmsintegrate": null,
      "linkman": null,
      "manager": null,
      "memo": null,
      "nodeid": null,
      "objlevel": "4028813255425d28015543b5d3a40426",
      "objtype": "4028813255425d28015543b7e0be042b",
      "requestid": "402881325741bf120157d17da72e2b8a",
      "rowindex": null,
      "storename": "嘉兴周转仓",
      "storeno": "D0003",
      "tel": "15888804320"
    },
    {
      "address": "天茂钢厂共享仓库",
      "belongto": null,
      "belongtype": null,
      "bussinesscorp": null,
      "dc": "4028813260fca5590160fdfb1d2c0092",
      "deviceno": null,
      "id": "402881325741bf120157d17fc1912b92",
      "iswmsintegrate": null,
      "linkman": null,
      "manager": null,
      "memo": null,
      "nodeid": null,
      "objlevel": "4028813255425d28015543b5d3a40427",
      "objtype": "4028813255425d28015543b7e0be042b",
      "requestid": "402881325741bf120157d17fc1432b90",
      "rowindex": null,
      "storename": "唐山工厂库-test",
      "storeno": "D0010",
      "tel": "18647681520"
    }
  ],
  "message": "调用API成功"
}
2018-11-02 14:37:28,593 run_main.py--> go_on_run  20: INFO --> 通过响应数据{
  "code": "200",
  "data": [
    {
      "address": "唐山市路南区国际五金城东川山甲仓库",
      "belongto": null,
      "belongtype": null,
      "bussinesscorp": null,
      "dc": "4028813260fca5590160fdfad37f008f",
      "deviceno": null,
      "id": "4028813255d845610155dd6ef2a70097",
      "iswmsintegrate": null,
      "linkman": null,
      "manager": null,
      "memo": null,
      "nodeid": null,
      "objlevel": "4028813255425d28015543b5d3a40427",
      "objtype": "4028813255425d28015543b7e0be042b",
      "requestid": "4028813255d845610155dd6ef1fc0095",
      "rowindex": null,
      "storename": "川山甲唐山区域库-test",
      "storeno": "0002",
      "tel": "1864768 1520"
    },
    {
      "address": "嘉兴市秀洲区吉蚂西路183号（川山甲嘉兴一级库）",
      "belongto": "4028813258ffe1cf01590071ebc5003d",
      "belongtype": "402881315c2d8a1a015c2f88eb600932",
      "bussinesscorp": null,
      "dc": "40288132612083dc01612208881d0185",
      "deviceno": null,
      "id": "402881325741bf120157d17e09b82b8f",
      "iswmsintegrate": "1",
      "linkman": "11",
      "manager": null,
      "memo": null,
      "nodeid": null,
      "objlevel": "4028813255425d28015543b5d3a40426",
      "objtype": "4028813255425d28015543b7e0be042b",
      "requestid": "402881325741bf120157d17e096a2b8d",
      "rowindex": null,
      "storename": "嘉兴MRO仓",
      "storeno": "D0004",
      "tel": "15888804320"
    },
    {
      "address": "宝安体育馆",
      "belongto": null,
      "belongtype": "402881315c2d8a1a015c2f88eb600934",
      "bussinesscorp": null,
      "dc": null,
      "deviceno": null,
      "id": "4028813258ffe1cf0159007563920049",
      "iswmsintegrate": null,
      "linkman": "何先生",
      "manager": null,
      "memo": null,
      "nodeid": null,
      "objlevel": "4028813255425d28015543b5d3a40427",
      "objtype": "4028813255425d28015543b7e0be042b",
      "requestid": "4028813258ffe1cf0159007563240047",
      "rowindex": null,
      "storename": "深圳中心库-虚拟",
      "storeno": "sz0001",
      "tel": "18767159265"
    },
    {
      "address": "嘉兴市秀洲区吉蚂西路183号（川山甲嘉兴一级库）",
      "belongto": null,
      "belongtype": null,
      "bussinesscorp": null,
      "dc": "40288132612083dc01612208881d0185",
      "deviceno": null,
      "id": "402881325741bf120157d17da77c2b8c",
      "iswmsintegrate": null,
      "linkman": null,
      "manager": null,
      "memo": null,
      "nodeid": null,
      "objlevel": "4028813255425d28015543b5d3a40426",
      "objtype": "4028813255425d28015543b7e0be042b",
      "requestid": "402881325741bf120157d17da72e2b8a",
      "rowindex": null,
      "storename": "嘉兴周转仓",
      "storeno": "D0003",
      "tel": "15888804320"
    },
    {
      "address": "天茂钢厂共享仓库",
      "belongto": null,
      "belongtype": null,
      "bussinesscorp": null,
      "dc": "4028813260fca5590160fdfb1d2c0092",
      "deviceno": null,
      "id": "402881325741bf120157d17fc1912b92",
      "iswmsintegrate": null,
      "linkman": null,
      "manager": null,
      "memo": null,
      "nodeid": null,
      "objlevel": "4028813255425d28015543b5d3a40427",
      "objtype": "4028813255425d28015543b7e0be042b",
      "requestid": "402881325741bf120157d17fc1432b90",
      "rowindex": null,
      "storename": "唐山工厂库-test",
      "storeno": "D0010",
      "tel": "18647681520"
    }
  ],
  "message": "调用API成功"
}
2018-11-02 14:41:06,988 run_main.py--> go_on_run  20: INFO --> 测试失败
2018-11-02 14:41:06,988 run_main.py--> go_on_run  20: INFO --> 测试失败
2018-11-02 14:41:06,989 run_main.py--> go_on_run  20: INFO --> 失败case名称：登录
2018-11-02 14:41:06,989 run_main.py--> go_on_run  20: INFO --> 失败case名称：登录
2018-11-02 14:41:06,989 run_main.py--> go_on_run  20: INFO --> 失败的行数：2
2018-11-02 14:41:06,989 run_main.py--> go_on_run  20: INFO --> 失败的行数：2
2018-11-02 14:41:07,009 run_main.py--> go_on_run  20: INFO --> url:https://m.imooc.com/passport/user/login
2018-11-02 14:41:07,009 run_main.py--> go_on_run  20: INFO --> url:https://m.imooc.com/passport/user/login
2018-11-02 14:41:07,009 run_main.py--> go_on_run  20: INFO --> 失败请求数据:{'timestamp': 200, 'uid': '请求成功', 'trade_number': '1710141907182334', 'secrect': '694697627cbd7fc65f9d0f82f4fe9849', 'from': '2', 'token': 'f7d58a0db8381086dc10864b24badb7f', 'pay_way': '1'}
2018-11-02 14:41:07,009 run_main.py--> go_on_run  20: INFO --> 失败请求数据:{'timestamp': 200, 'uid': '请求成功', 'trade_number': '1710141907182334', 'secrect': '694697627cbd7fc65f9d0f82f4fe9849', 'from': '2', 'token': 'f7d58a0db8381086dc10864b24badb7f', 'pay_way': '1'}
2018-11-02 14:41:07,009 run_main.py--> go_on_run  20: INFO --> 失败响应数据:{
  "data": [],
  "msg": "参数错误",
  "status": 90008
}
2018-11-02 14:41:07,009 run_main.py--> go_on_run  20: INFO --> 失败响应数据:{
  "data": [],
  "msg": "参数错误",
  "status": 90008
}
2018-11-02 14:41:07,108 run_main.py--> go_on_run  20: INFO --> 测试通过
2018-11-02 14:41:07,108 run_main.py--> go_on_run  20: INFO --> 测试通过
2018-11-02 14:41:07,108 run_main.py--> go_on_run  20: INFO --> 通过响应数据{
  "code": "200",
  "data": [
    {
      "address": "唐山市路南区国际五金城东川山甲仓库",
      "belongto": null,
      "belongtype": null,
      "bussinesscorp": null,
      "dc": "4028813260fca5590160fdfad37f008f",
      "deviceno": null,
      "id": "4028813255d845610155dd6ef2a70097",
      "iswmsintegrate": null,
      "linkman": null,
      "manager": null,
      "memo": null,
      "nodeid": null,
      "objlevel": "4028813255425d28015543b5d3a40427",
      "objtype": "4028813255425d28015543b7e0be042b",
      "requestid": "4028813255d845610155dd6ef1fc0095",
      "rowindex": null,
      "storename": "川山甲唐山区域库-test",
      "storeno": "0002",
      "tel": "1864768 1520"
    },
    {
      "address": "嘉兴市秀洲区吉蚂西路183号（川山甲嘉兴一级库）",
      "belongto": "4028813258ffe1cf01590071ebc5003d",
      "belongtype": "402881315c2d8a1a015c2f88eb600932",
      "bussinesscorp": null,
      "dc": "40288132612083dc01612208881d0185",
      "deviceno": null,
      "id": "402881325741bf120157d17e09b82b8f",
      "iswmsintegrate": "1",
      "linkman": "11",
      "manager": null,
      "memo": null,
      "nodeid": null,
      "objlevel": "4028813255425d28015543b5d3a40426",
      "objtype": "4028813255425d28015543b7e0be042b",
      "requestid": "402881325741bf120157d17e096a2b8d",
      "rowindex": null,
      "storename": "嘉兴MRO仓",
      "storeno": "D0004",
      "tel": "15888804320"
    },
    {
      "address": "宝安体育馆",
      "belongto": null,
      "belongtype": "402881315c2d8a1a015c2f88eb600934",
      "bussinesscorp": null,
      "dc": null,
      "deviceno": null,
      "id": "4028813258ffe1cf0159007563920049",
      "iswmsintegrate": null,
      "linkman": "何先生",
      "manager": null,
      "memo": null,
      "nodeid": null,
      "objlevel": "4028813255425d28015543b5d3a40427",
      "objtype": "4028813255425d28015543b7e0be042b",
      "requestid": "4028813258ffe1cf0159007563240047",
      "rowindex": null,
      "storename": "深圳中心库-虚拟",
      "storeno": "sz0001",
      "tel": "18767159265"
    },
    {
      "address": "嘉兴市秀洲区吉蚂西路183号（川山甲嘉兴一级库）",
      "belongto": null,
      "belongtype": null,
      "bussinesscorp": null,
      "dc": "40288132612083dc01612208881d0185",
      "deviceno": null,
      "id": "402881325741bf120157d17da77c2b8c",
      "iswmsintegrate": null,
      "linkman": null,
      "manager": null,
      "memo": null,
      "nodeid": null,
      "objlevel": "4028813255425d28015543b5d3a40426",
      "objtype": "4028813255425d28015543b7e0be042b",
      "requestid": "402881325741bf120157d17da72e2b8a",
      "rowindex": null,
      "storename": "嘉兴周转仓",
      "storeno": "D0003",
      "tel": "15888804320"
    },
    {
      "address": "天茂钢厂共享仓库",
      "belongto": null,
      "belongtype": null,
      "bussinesscorp": null,
      "dc": "4028813260fca5590160fdfb1d2c0092",
      "deviceno": null,
      "id": "402881325741bf120157d17fc1912b92",
      "iswmsintegrate": null,
      "linkman": null,
      "manager": null,
      "memo": null,
      "nodeid": null,
      "objlevel": "4028813255425d28015543b5d3a40427",
      "objtype": "4028813255425d28015543b7e0be042b",
      "requestid": "402881325741bf120157d17fc1432b90",
      "rowindex": null,
      "storename": "唐山工厂库-test",
      "storeno": "D0010",
      "tel": "18647681520"
    }
  ],
  "message": "调用API成功"
}
2018-11-02 14:41:07,108 run_main.py--> go_on_run  20: INFO --> 通过响应数据{
  "code": "200",
  "data": [
    {
      "address": "唐山市路南区国际五金城东川山甲仓库",
      "belongto": null,
      "belongtype": null,
      "bussinesscorp": null,
      "dc": "4028813260fca5590160fdfad37f008f",
      "deviceno": null,
      "id": "4028813255d845610155dd6ef2a70097",
      "iswmsintegrate": null,
      "linkman": null,
      "manager": null,
      "memo": null,
      "nodeid": null,
      "objlevel": "4028813255425d28015543b5d3a40427",
      "objtype": "4028813255425d28015543b7e0be042b",
      "requestid": "4028813255d845610155dd6ef1fc0095",
      "rowindex": null,
      "storename": "川山甲唐山区域库-test",
      "storeno": "0002",
      "tel": "1864768 1520"
    },
    {
      "address": "嘉兴市秀洲区吉蚂西路183号（川山甲嘉兴一级库）",
      "belongto": "4028813258ffe1cf01590071ebc5003d",
      "belongtype": "402881315c2d8a1a015c2f88eb600932",
      "bussinesscorp": null,
      "dc": "40288132612083dc01612208881d0185",
      "deviceno": null,
      "id": "402881325741bf120157d17e09b82b8f",
      "iswmsintegrate": "1",
      "linkman": "11",
      "manager": null,
      "memo": null,
      "nodeid": null,
      "objlevel": "4028813255425d28015543b5d3a40426",
      "objtype": "4028813255425d28015543b7e0be042b",
      "requestid": "402881325741bf120157d17e096a2b8d",
      "rowindex": null,
      "storename": "嘉兴MRO仓",
      "storeno": "D0004",
      "tel": "15888804320"
    },
    {
      "address": "宝安体育馆",
      "belongto": null,
      "belongtype": "402881315c2d8a1a015c2f88eb600934",
      "bussinesscorp": null,
      "dc": null,
      "deviceno": null,
      "id": "4028813258ffe1cf0159007563920049",
      "iswmsintegrate": null,
      "linkman": "何先生",
      "manager": null,
      "memo": null,
      "nodeid": null,
      "objlevel": "4028813255425d28015543b5d3a40427",
      "objtype": "4028813255425d28015543b7e0be042b",
      "requestid": "4028813258ffe1cf0159007563240047",
      "rowindex": null,
      "storename": "深圳中心库-虚拟",
      "storeno": "sz0001",
      "tel": "18767159265"
    },
    {
      "address": "嘉兴市秀洲区吉蚂西路183号（川山甲嘉兴一级库）",
      "belongto": null,
      "belongtype": null,
      "bussinesscorp": null,
      "dc": "40288132612083dc01612208881d0185",
      "deviceno": null,
      "id": "402881325741bf120157d17da77c2b8c",
      "iswmsintegrate": null,
      "linkman": null,
      "manager": null,
      "memo": null,
      "nodeid": null,
      "objlevel": "4028813255425d28015543b5d3a40426",
      "objtype": "4028813255425d28015543b7e0be042b",
      "requestid": "402881325741bf120157d17da72e2b8a",
      "rowindex": null,
      "storename": "嘉兴周转仓",
      "storeno": "D0003",
      "tel": "15888804320"
    },
    {
      "address": "天茂钢厂共享仓库",
      "belongto": null,
      "belongtype": null,
      "bussinesscorp": null,
      "dc": "4028813260fca5590160fdfb1d2c0092",
      "deviceno": null,
      "id": "402881325741bf120157d17fc1912b92",
      "iswmsintegrate": null,
      "linkman": null,
      "manager": null,
      "memo": null,
      "nodeid": null,
      "objlevel": "4028813255425d28015543b5d3a40427",
      "objtype": "4028813255425d28015543b7e0be042b",
      "requestid": "402881325741bf120157d17fc1432b90",
      "rowindex": null,
      "storename": "唐山工厂库-test",
      "storeno": "D0010",
      "tel": "18647681520"
    }
  ],
  "message": "调用API成功"
}
2018-11-02 14:41:07,109 sendEmail.py--> send_main  20: INFO --> 运行结果：此次运行接口用例为2个,通过1个,失败1个,通过率50.00%,失败率50.00%
2018-11-02 14:41:07,109 sendEmail.py--> send_main  20: INFO --> 运行结果：此次运行接口用例为2个,通过1个,失败1个,通过率50.00%,失败率50.00%
2018-11-02 14:41:07,634 sendEmail.py--> sendMail  20: INFO --> 邮件发送成功
2018-11-02 14:41:07,634 sendEmail.py--> sendMail  20: INFO --> 邮件发送成功
2018-11-02 14:42:59,332 run_main.py--> go_on_run  20: INFO --> 测试失败
2018-11-02 14:42:59,332 run_main.py--> go_on_run  20: INFO --> 测试失败
2018-11-02 14:42:59,333 run_main.py--> go_on_run  20: INFO --> 失败case名称：登录
2018-11-02 14:42:59,333 run_main.py--> go_on_run  20: INFO --> 失败case名称：登录
2018-11-02 14:42:59,333 run_main.py--> go_on_run  20: INFO --> 失败的行数：2
2018-11-02 14:42:59,333 run_main.py--> go_on_run  20: INFO --> 失败的行数：2
2018-11-02 14:42:59,377 run_main.py--> go_on_run  20: INFO --> url:https://m.imooc.com/passport/user/login
2018-11-02 14:42:59,377 run_main.py--> go_on_run  20: INFO --> url:https://m.imooc.com/passport/user/login
2018-11-02 14:42:59,377 run_main.py--> go_on_run  20: INFO --> 失败请求数据:{'timestamp': 200, 'uid': '请求成功', 'trade_number': '1710141907182334', 'secrect': '694697627cbd7fc65f9d0f82f4fe9849', 'from': '2', 'token': 'f7d58a0db8381086dc10864b24badb7f', 'pay_way': '1'}
2018-11-02 14:42:59,377 run_main.py--> go_on_run  20: INFO --> 失败请求数据:{'timestamp': 200, 'uid': '请求成功', 'trade_number': '1710141907182334', 'secrect': '694697627cbd7fc65f9d0f82f4fe9849', 'from': '2', 'token': 'f7d58a0db8381086dc10864b24badb7f', 'pay_way': '1'}
2018-11-02 14:42:59,377 run_main.py--> go_on_run  20: INFO --> 失败响应数据:{
  "data": [],
  "msg": "参数错误",
  "status": 90008
}
2018-11-02 14:42:59,377 run_main.py--> go_on_run  20: INFO --> 失败响应数据:{
  "data": [],
  "msg": "参数错误",
  "status": 90008
}
2018-11-02 14:42:59,447 run_main.py--> go_on_run  20: INFO --> 测试通过
2018-11-02 14:42:59,447 run_main.py--> go_on_run  20: INFO --> 测试通过
2018-11-02 14:42:59,447 run_main.py--> go_on_run  20: INFO --> 通过响应数据{
  "code": "200",
  "data": [
    {
      "address": "唐山市路南区国际五金城东川山甲仓库",
      "belongto": null,
      "belongtype": null,
      "bussinesscorp": null,
      "dc": "4028813260fca5590160fdfad37f008f",
      "deviceno": null,
      "id": "4028813255d845610155dd6ef2a70097",
      "iswmsintegrate": null,
      "linkman": null,
      "manager": null,
      "memo": null,
      "nodeid": null,
      "objlevel": "4028813255425d28015543b5d3a40427",
      "objtype": "4028813255425d28015543b7e0be042b",
      "requestid": "4028813255d845610155dd6ef1fc0095",
      "rowindex": null,
      "storename": "川山甲唐山区域库-test",
      "storeno": "0002",
      "tel": "1864768 1520"
    },
    {
      "address": "嘉兴市秀洲区吉蚂西路183号（川山甲嘉兴一级库）",
      "belongto": "4028813258ffe1cf01590071ebc5003d",
      "belongtype": "402881315c2d8a1a015c2f88eb600932",
      "bussinesscorp": null,
      "dc": "40288132612083dc01612208881d0185",
      "deviceno": null,
      "id": "402881325741bf120157d17e09b82b8f",
      "iswmsintegrate": "1",
      "linkman": "11",
      "manager": null,
      "memo": null,
      "nodeid": null,
      "objlevel": "4028813255425d28015543b5d3a40426",
      "objtype": "4028813255425d28015543b7e0be042b",
      "requestid": "402881325741bf120157d17e096a2b8d",
      "rowindex": null,
      "storename": "嘉兴MRO仓",
      "storeno": "D0004",
      "tel": "15888804320"
    },
    {
      "address": "宝安体育馆",
      "belongto": null,
      "belongtype": "402881315c2d8a1a015c2f88eb600934",
      "bussinesscorp": null,
      "dc": null,
      "deviceno": null,
      "id": "4028813258ffe1cf0159007563920049",
      "iswmsintegrate": null,
      "linkman": "何先生",
      "manager": null,
      "memo": null,
      "nodeid": null,
      "objlevel": "4028813255425d28015543b5d3a40427",
      "objtype": "4028813255425d28015543b7e0be042b",
      "requestid": "4028813258ffe1cf0159007563240047",
      "rowindex": null,
      "storename": "深圳中心库-虚拟",
      "storeno": "sz0001",
      "tel": "18767159265"
    },
    {
      "address": "嘉兴市秀洲区吉蚂西路183号（川山甲嘉兴一级库）",
      "belongto": null,
      "belongtype": null,
      "bussinesscorp": null,
      "dc": "40288132612083dc01612208881d0185",
      "deviceno": null,
      "id": "402881325741bf120157d17da77c2b8c",
      "iswmsintegrate": null,
      "linkman": null,
      "manager": null,
      "memo": null,
      "nodeid": null,
      "objlevel": "4028813255425d28015543b5d3a40426",
      "objtype": "4028813255425d28015543b7e0be042b",
      "requestid": "402881325741bf120157d17da72e2b8a",
      "rowindex": null,
      "storename": "嘉兴周转仓",
      "storeno": "D0003",
      "tel": "15888804320"
    },
    {
      "address": "天茂钢厂共享仓库",
      "belongto": null,
      "belongtype": null,
      "bussinesscorp": null,
      "dc": "4028813260fca5590160fdfb1d2c0092",
      "deviceno": null,
      "id": "402881325741bf120157d17fc1912b92",
      "iswmsintegrate": null,
      "linkman": null,
      "manager": null,
      "memo": null,
      "nodeid": null,
      "objlevel": "4028813255425d28015543b5d3a40427",
      "objtype": "4028813255425d28015543b7e0be042b",
      "requestid": "402881325741bf120157d17fc1432b90",
      "rowindex": null,
      "storename": "唐山工厂库-test",
      "storeno": "D0010",
      "tel": "18647681520"
    }
  ],
  "message": "调用API成功"
}
2018-11-02 14:42:59,447 run_main.py--> go_on_run  20: INFO --> 通过响应数据{
  "code": "200",
  "data": [
    {
      "address": "唐山市路南区国际五金城东川山甲仓库",
      "belongto": null,
      "belongtype": null,
      "bussinesscorp": null,
      "dc": "4028813260fca5590160fdfad37f008f",
      "deviceno": null,
      "id": "4028813255d845610155dd6ef2a70097",
      "iswmsintegrate": null,
      "linkman": null,
      "manager": null,
      "memo": null,
      "nodeid": null,
      "objlevel": "4028813255425d28015543b5d3a40427",
      "objtype": "4028813255425d28015543b7e0be042b",
      "requestid": "4028813255d845610155dd6ef1fc0095",
      "rowindex": null,
      "storename": "川山甲唐山区域库-test",
      "storeno": "0002",
      "tel": "1864768 1520"
    },
    {
      "address": "嘉兴市秀洲区吉蚂西路183号（川山甲嘉兴一级库）",
      "belongto": "4028813258ffe1cf01590071ebc5003d",
      "belongtype": "402881315c2d8a1a015c2f88eb600932",
      "bussinesscorp": null,
      "dc": "40288132612083dc01612208881d0185",
      "deviceno": null,
      "id": "402881325741bf120157d17e09b82b8f",
      "iswmsintegrate": "1",
      "linkman": "11",
      "manager": null,
      "memo": null,
      "nodeid": null,
      "objlevel": "4028813255425d28015543b5d3a40426",
      "objtype": "4028813255425d28015543b7e0be042b",
      "requestid": "402881325741bf120157d17e096a2b8d",
      "rowindex": null,
      "storename": "嘉兴MRO仓",
      "storeno": "D0004",
      "tel": "15888804320"
    },
    {
      "address": "宝安体育馆",
      "belongto": null,
      "belongtype": "402881315c2d8a1a015c2f88eb600934",
      "bussinesscorp": null,
      "dc": null,
      "deviceno": null,
      "id": "4028813258ffe1cf0159007563920049",
      "iswmsintegrate": null,
      "linkman": "何先生",
      "manager": null,
      "memo": null,
      "nodeid": null,
      "objlevel": "4028813255425d28015543b5d3a40427",
      "objtype": "4028813255425d28015543b7e0be042b",
      "requestid": "4028813258ffe1cf0159007563240047",
      "rowindex": null,
      "storename": "深圳中心库-虚拟",
      "storeno": "sz0001",
      "tel": "18767159265"
    },
    {
      "address": "嘉兴市秀洲区吉蚂西路183号（川山甲嘉兴一级库）",
      "belongto": null,
      "belongtype": null,
      "bussinesscorp": null,
      "dc": "40288132612083dc01612208881d0185",
      "deviceno": null,
      "id": "402881325741bf120157d17da77c2b8c",
      "iswmsintegrate": null,
      "linkman": null,
      "manager": null,
      "memo": null,
      "nodeid": null,
      "objlevel": "4028813255425d28015543b5d3a40426",
      "objtype": "4028813255425d28015543b7e0be042b",
      "requestid": "402881325741bf120157d17da72e2b8a",
      "rowindex": null,
      "storename": "嘉兴周转仓",
      "storeno": "D0003",
      "tel": "15888804320"
    },
    {
      "address": "天茂钢厂共享仓库",
      "belongto": null,
      "belongtype": null,
      "bussinesscorp": null,
      "dc": "4028813260fca5590160fdfb1d2c0092",
      "deviceno": null,
      "id": "402881325741bf120157d17fc1912b92",
      "iswmsintegrate": null,
      "linkman": null,
      "manager": null,
      "memo": null,
      "nodeid": null,
      "objlevel": "4028813255425d28015543b5d3a40427",
      "objtype": "4028813255425d28015543b7e0be042b",
      "requestid": "402881325741bf120157d17fc1432b90",
      "rowindex": null,
      "storename": "唐山工厂库-test",
      "storeno": "D0010",
      "tel": "18647681520"
    }
  ],
  "message": "调用API成功"
}
2018-11-02 14:42:59,448 sendEmail.py--> send_main  20: INFO --> 运行结果：此次运行接口用例为2个,通过1个,失败1个,通过率50.00%,失败率50.00%
2018-11-02 14:42:59,448 sendEmail.py--> send_main  20: INFO --> 运行结果：此次运行接口用例为2个,通过1个,失败1个,通过率50.00%,失败率50.00%
2018-11-02 14:43:00,002 sendEmail.py--> sendMail  20: INFO --> 邮件发送成功
2018-11-02 14:43:00,002 sendEmail.py--> sendMail  20: INFO --> 邮件发送成功
2018-11-02 14:43:51,664 run_main.py--> go_on_run  20: INFO --> 测试失败
2018-11-02 14:43:51,664 run_main.py--> go_on_run  20: INFO --> 测试失败
2018-11-02 14:43:51,665 run_main.py--> go_on_run  20: INFO --> 失败case名称：登录
2018-11-02 14:43:51,665 run_main.py--> go_on_run  20: INFO --> 失败case名称：登录
2018-11-02 14:43:51,665 run_main.py--> go_on_run  20: INFO --> 失败的行数：2
2018-11-02 14:43:51,665 run_main.py--> go_on_run  20: INFO --> 失败的行数：2
2018-11-02 14:43:51,708 run_main.py--> go_on_run  20: INFO --> url:https://m.imooc.com/passport/user/login
2018-11-02 14:43:51,708 run_main.py--> go_on_run  20: INFO --> url:https://m.imooc.com/passport/user/login
2018-11-02 14:43:51,708 run_main.py--> go_on_run  20: INFO --> 失败请求数据:{'timestamp': 200, 'uid': '请求成功', 'trade_number': '1710141907182334', 'secrect': '694697627cbd7fc65f9d0f82f4fe9849', 'from': '2', 'token': 'f7d58a0db8381086dc10864b24badb7f', 'pay_way': '1'}
2018-11-02 14:43:51,708 run_main.py--> go_on_run  20: INFO --> 失败请求数据:{'timestamp': 200, 'uid': '请求成功', 'trade_number': '1710141907182334', 'secrect': '694697627cbd7fc65f9d0f82f4fe9849', 'from': '2', 'token': 'f7d58a0db8381086dc10864b24badb7f', 'pay_way': '1'}
2018-11-02 14:43:51,708 run_main.py--> go_on_run  20: INFO --> 失败响应数据:{
  "data": [],
  "msg": "参数错误",
  "status": 90008
}
2018-11-02 14:43:51,708 run_main.py--> go_on_run  20: INFO --> 失败响应数据:{
  "data": [],
  "msg": "参数错误",
  "status": 90008
}
2018-11-02 14:43:51,735 run_main.py--> go_on_run  20: INFO --> 测试失败
2018-11-02 14:43:51,735 run_main.py--> go_on_run  20: INFO --> 测试失败
2018-11-02 14:43:51,735 run_main.py--> go_on_run  20: INFO --> 失败case名称：
2018-11-02 14:43:51,735 run_main.py--> go_on_run  20: INFO --> 失败case名称：
2018-11-02 14:43:51,735 run_main.py--> go_on_run  20: INFO --> 失败的行数：20
2018-11-02 14:43:51,735 run_main.py--> go_on_run  20: INFO --> 失败的行数：20
2018-11-02 14:43:51,775 run_main.py--> go_on_run  20: INFO --> url:http://testscm.csjmro.com/yyjapi/api/purchorder/getpurchorder
2018-11-02 14:43:51,775 run_main.py--> go_on_run  20: INFO --> url:http://testscm.csjmro.com/yyjapi/api/purchorder/getpurchorder
2018-11-02 14:43:51,775 run_main.py--> go_on_run  20: INFO --> 失败请求数据:{'ticketno': 'PO20181029000441', 'flag': 0}
2018-11-02 14:43:51,775 run_main.py--> go_on_run  20: INFO --> 失败请求数据:{'ticketno': 'PO20181029000441', 'flag': 0}
2018-11-02 14:43:51,787 run_main.py--> go_on_run  20: INFO --> 失败响应数据:{
  "code": "500",
  "data": {
    "message": "org.springframework.web.HttpMediaTypeNotSupportedException: Content type 'application/x-www-form-urlencoded;charset=UTF-8' not supported"
  },
  "message": "系统错误,请联系管理员帮您解决！"
}
2018-11-02 14:43:51,787 run_main.py--> go_on_run  20: INFO --> 失败响应数据:{
  "code": "500",
  "data": {
    "message": "org.springframework.web.HttpMediaTypeNotSupportedException: Content type 'application/x-www-form-urlencoded;charset=UTF-8' not supported"
  },
  "message": "系统错误,请联系管理员帮您解决！"
}
2018-11-02 14:43:52,114 run_main.py--> go_on_run  20: INFO --> 测试通过
2018-11-02 14:43:52,114 run_main.py--> go_on_run  20: INFO --> 测试通过
2018-11-02 14:43:52,114 run_main.py--> go_on_run  20: INFO --> 通过响应数据{
  "code": "200",
  "data": "EQ20181102001414",
  "message": "成功"
}
2018-11-02 14:43:52,114 run_main.py--> go_on_run  20: INFO --> 通过响应数据{
  "code": "200",
  "data": "EQ20181102001414",
  "message": "成功"
}
2018-11-02 14:43:52,426 run_main.py--> go_on_run  20: INFO --> 测试失败
2018-11-02 14:43:52,426 run_main.py--> go_on_run  20: INFO --> 测试失败
2018-11-02 14:43:52,426 run_main.py--> go_on_run  20: INFO --> 失败case名称：
2018-11-02 14:43:52,426 run_main.py--> go_on_run  20: INFO --> 失败case名称：
2018-11-02 14:43:52,426 run_main.py--> go_on_run  20: INFO --> 失败的行数：22
2018-11-02 14:43:52,426 run_main.py--> go_on_run  20: INFO --> 失败的行数：22
2018-11-02 14:43:52,447 run_main.py--> go_on_run  20: INFO --> url:http://testscm.csjmro.com/planapi/api/workFlow/getHistoricComment
2018-11-02 14:43:52,447 run_main.py--> go_on_run  20: INFO --> url:http://testscm.csjmro.com/planapi/api/workFlow/getHistoricComment
2018-11-02 14:43:52,447 run_main.py--> go_on_run  20: INFO --> 失败请求数据:{'ticketno': 'EQ20181102001415'}
2018-11-02 14:43:52,447 run_main.py--> go_on_run  20: INFO --> 失败请求数据:{'ticketno': 'EQ20181102001415'}
2018-11-02 14:43:52,447 run_main.py--> go_on_run  20: INFO --> 失败响应数据:{
  "code": "500",
  "data": {
    "message": "org.springframework.web.HttpMediaTypeNotSupportedException: Content type 'application/x-www-form-urlencoded;charset=UTF-8' not supported"
  },
  "message": "系统错误,请联系管理员帮您解决！"
}
2018-11-02 14:43:52,447 run_main.py--> go_on_run  20: INFO --> 失败响应数据:{
  "code": "500",
  "data": {
    "message": "org.springframework.web.HttpMediaTypeNotSupportedException: Content type 'application/x-www-form-urlencoded;charset=UTF-8' not supported"
  },
  "message": "系统错误,请联系管理员帮您解决！"
}
2018-11-02 14:43:52,691 run_main.py--> go_on_run  20: INFO --> 测试失败
2018-11-02 14:43:52,691 run_main.py--> go_on_run  20: INFO --> 测试失败
2018-11-02 14:43:52,691 run_main.py--> go_on_run  20: INFO --> 失败case名称：
2018-11-02 14:43:52,691 run_main.py--> go_on_run  20: INFO --> 失败case名称：
2018-11-02 14:43:52,691 run_main.py--> go_on_run  20: INFO --> 失败的行数：23
2018-11-02 14:43:52,691 run_main.py--> go_on_run  20: INFO --> 失败的行数：23
2018-11-02 14:43:52,712 run_main.py--> go_on_run  20: INFO --> url:http://testscm.csjmro.com/planapi/api/enquiryOrder/detailInfo
2018-11-02 14:43:52,712 run_main.py--> go_on_run  20: INFO --> url:http://testscm.csjmro.com/planapi/api/enquiryOrder/detailInfo
2018-11-02 14:43:52,712 run_main.py--> go_on_run  20: INFO --> 失败请求数据:{'ticketno': 'EQ20181102001416'}
2018-11-02 14:43:52,712 run_main.py--> go_on_run  20: INFO --> 失败请求数据:{'ticketno': 'EQ20181102001416'}
2018-11-02 14:43:52,712 run_main.py--> go_on_run  20: INFO --> 失败响应数据:{
  "code": "500",
  "data": {
    "message": "org.springframework.web.HttpMediaTypeNotSupportedException: Content type 'application/x-www-form-urlencoded;charset=UTF-8' not supported"
  },
  "message": "系统错误,请联系管理员帮您解决！"
}
2018-11-02 14:43:52,712 run_main.py--> go_on_run  20: INFO --> 失败响应数据:{
  "code": "500",
  "data": {
    "message": "org.springframework.web.HttpMediaTypeNotSupportedException: Content type 'application/x-www-form-urlencoded;charset=UTF-8' not supported"
  },
  "message": "系统错误,请联系管理员帮您解决！"
}
2018-11-02 14:43:53,098 run_main.py--> go_on_run  20: INFO --> 测试失败
2018-11-02 14:43:53,098 run_main.py--> go_on_run  20: INFO --> 测试失败
2018-11-02 14:43:53,098 run_main.py--> go_on_run  20: INFO --> 失败case名称：
2018-11-02 14:43:53,098 run_main.py--> go_on_run  20: INFO --> 失败case名称：
2018-11-02 14:43:53,098 run_main.py--> go_on_run  20: INFO --> 失败的行数：24
2018-11-02 14:43:53,098 run_main.py--> go_on_run  20: INFO --> 失败的行数：24
2018-11-02 14:43:53,118 run_main.py--> go_on_run  20: INFO --> url:http://m.imooc.com/passport/user/login
2018-11-02 14:43:53,118 run_main.py--> go_on_run  20: INFO --> url:http://m.imooc.com/passport/user/login
2018-11-02 14:43:53,118 run_main.py--> go_on_run  20: INFO --> 失败请求数据:{'username': '17729597958', 'password': 'andong527011764', 'verify': '', 'referer': 'http://m.imooc.com'}
2018-11-02 14:43:53,118 run_main.py--> go_on_run  20: INFO --> 失败请求数据:{'username': '17729597958', 'password': 'andong527011764', 'verify': '', 'referer': 'http://m.imooc.com'}
2018-11-02 14:43:53,118 run_main.py--> go_on_run  20: INFO --> 失败响应数据:{
  "data": [],
  "msg": "参数错误",
  "status": 90008
}
2018-11-02 14:43:53,118 run_main.py--> go_on_run  20: INFO --> 失败响应数据:{
  "data": [],
  "msg": "参数错误",
  "status": 90008
}
2018-11-02 14:43:53,263 run_main.py--> go_on_run  20: INFO --> 测试通过
2018-11-02 14:43:53,263 run_main.py--> go_on_run  20: INFO --> 测试通过
2018-11-02 14:43:53,264 run_main.py--> go_on_run  20: INFO --> 通过响应数据{
  "code": "200",
  "data": {
    "processInstanceId": "611091"
  },
  "message": "调用API成功"
}
2018-11-02 14:43:53,264 run_main.py--> go_on_run  20: INFO --> 通过响应数据{
  "code": "200",
  "data": {
    "processInstanceId": "611091"
  },
  "message": "调用API成功"
}
2018-11-02 14:43:53,313 run_main.py--> go_on_run  20: INFO --> 测试通过
2018-11-02 14:43:53,313 run_main.py--> go_on_run  20: INFO --> 测试通过
2018-11-02 14:43:53,314 run_main.py--> go_on_run  20: INFO --> 通过响应数据{
  "code": "200",
  "data": [
    {
      "address": "唐山市路南区国际五金城东川山甲仓库",
      "belongto": null,
      "belongtype": null,
      "bussinesscorp": null,
      "dc": "4028813260fca5590160fdfad37f008f",
      "deviceno": null,
      "id": "4028813255d845610155dd6ef2a70097",
      "iswmsintegrate": null,
      "linkman": null,
      "manager": null,
      "memo": null,
      "nodeid": null,
      "objlevel": "4028813255425d28015543b5d3a40427",
      "objtype": "4028813255425d28015543b7e0be042b",
      "requestid": "4028813255d845610155dd6ef1fc0095",
      "rowindex": null,
      "storename": "川山甲唐山区域库-test",
      "storeno": "0002",
      "tel": "1864768 1520"
    },
    {
      "address": "嘉兴市秀洲区吉蚂西路183号（川山甲嘉兴一级库）",
      "belongto": "4028813258ffe1cf01590071ebc5003d",
      "belongtype": "402881315c2d8a1a015c2f88eb600932",
      "bussinesscorp": null,
      "dc": "40288132612083dc01612208881d0185",
      "deviceno": null,
      "id": "402881325741bf120157d17e09b82b8f",
      "iswmsintegrate": "1",
      "linkman": "11",
      "manager": null,
      "memo": null,
      "nodeid": null,
      "objlevel": "4028813255425d28015543b5d3a40426",
      "objtype": "4028813255425d28015543b7e0be042b",
      "requestid": "402881325741bf120157d17e096a2b8d",
      "rowindex": null,
      "storename": "嘉兴MRO仓",
      "storeno": "D0004",
      "tel": "15888804320"
    },
    {
      "address": "宝安体育馆",
      "belongto": null,
      "belongtype": "402881315c2d8a1a015c2f88eb600934",
      "bussinesscorp": null,
      "dc": null,
      "deviceno": null,
      "id": "4028813258ffe1cf0159007563920049",
      "iswmsintegrate": null,
      "linkman": "何先生",
      "manager": null,
      "memo": null,
      "nodeid": null,
      "objlevel": "4028813255425d28015543b5d3a40427",
      "objtype": "4028813255425d28015543b7e0be042b",
      "requestid": "4028813258ffe1cf0159007563240047",
      "rowindex": null,
      "storename": "深圳中心库-虚拟",
      "storeno": "sz0001",
      "tel": "18767159265"
    },
    {
      "address": "嘉兴市秀洲区吉蚂西路183号（川山甲嘉兴一级库）",
      "belongto": null,
      "belongtype": null,
      "bussinesscorp": null,
      "dc": "40288132612083dc01612208881d0185",
      "deviceno": null,
      "id": "402881325741bf120157d17da77c2b8c",
      "iswmsintegrate": null,
      "linkman": null,
      "manager": null,
      "memo": null,
      "nodeid": null,
      "objlevel": "4028813255425d28015543b5d3a40426",
      "objtype": "4028813255425d28015543b7e0be042b",
      "requestid": "402881325741bf120157d17da72e2b8a",
      "rowindex": null,
      "storename": "嘉兴周转仓",
      "storeno": "D0003",
      "tel": "15888804320"
    },
    {
      "address": "天茂钢厂共享仓库",
      "belongto": null,
      "belongtype": null,
      "bussinesscorp": null,
      "dc": "4028813260fca5590160fdfb1d2c0092",
      "deviceno": null,
      "id": "402881325741bf120157d17fc1912b92",
      "iswmsintegrate": null,
      "linkman": null,
      "manager": null,
      "memo": null,
      "nodeid": null,
      "objlevel": "4028813255425d28015543b5d3a40427",
      "objtype": "4028813255425d28015543b7e0be042b",
      "requestid": "402881325741bf120157d17fc1432b90",
      "rowindex": null,
      "storename": "唐山工厂库-test",
      "storeno": "D0010",
      "tel": "18647681520"
    }
  ],
  "message": "调用API成功"
}
2018-11-02 14:43:53,314 run_main.py--> go_on_run  20: INFO --> 通过响应数据{
  "code": "200",
  "data": [
    {
      "address": "唐山市路南区国际五金城东川山甲仓库",
      "belongto": null,
      "belongtype": null,
      "bussinesscorp": null,
      "dc": "4028813260fca5590160fdfad37f008f",
      "deviceno": null,
      "id": "4028813255d845610155dd6ef2a70097",
      "iswmsintegrate": null,
      "linkman": null,
      "manager": null,
      "memo": null,
      "nodeid": null,
      "objlevel": "4028813255425d28015543b5d3a40427",
      "objtype": "4028813255425d28015543b7e0be042b",
      "requestid": "4028813255d845610155dd6ef1fc0095",
      "rowindex": null,
      "storename": "川山甲唐山区域库-test",
      "storeno": "0002",
      "tel": "1864768 1520"
    },
    {
      "address": "嘉兴市秀洲区吉蚂西路183号（川山甲嘉兴一级库）",
      "belongto": "4028813258ffe1cf01590071ebc5003d",
      "belongtype": "402881315c2d8a1a015c2f88eb600932",
      "bussinesscorp": null,
      "dc": "40288132612083dc01612208881d0185",
      "deviceno": null,
      "id": "402881325741bf120157d17e09b82b8f",
      "iswmsintegrate": "1",
      "linkman": "11",
      "manager": null,
      "memo": null,
      "nodeid": null,
      "objlevel": "4028813255425d28015543b5d3a40426",
      "objtype": "4028813255425d28015543b7e0be042b",
      "requestid": "402881325741bf120157d17e096a2b8d",
      "rowindex": null,
      "storename": "嘉兴MRO仓",
      "storeno": "D0004",
      "tel": "15888804320"
    },
    {
      "address": "宝安体育馆",
      "belongto": null,
      "belongtype": "402881315c2d8a1a015c2f88eb600934",
      "bussinesscorp": null,
      "dc": null,
      "deviceno": null,
      "id": "4028813258ffe1cf0159007563920049",
      "iswmsintegrate": null,
      "linkman": "何先生",
      "manager": null,
      "memo": null,
      "nodeid": null,
      "objlevel": "4028813255425d28015543b5d3a40427",
      "objtype": "4028813255425d28015543b7e0be042b",
      "requestid": "4028813258ffe1cf0159007563240047",
      "rowindex": null,
      "storename": "深圳中心库-虚拟",
      "storeno": "sz0001",
      "tel": "18767159265"
    },
    {
      "address": "嘉兴市秀洲区吉蚂西路183号（川山甲嘉兴一级库）",
      "belongto": null,
      "belongtype": null,
      "bussinesscorp": null,
      "dc": "40288132612083dc01612208881d0185",
      "deviceno": null,
      "id": "402881325741bf120157d17da77c2b8c",
      "iswmsintegrate": null,
      "linkman": null,
      "manager": null,
      "memo": null,
      "nodeid": null,
      "objlevel": "4028813255425d28015543b5d3a40426",
      "objtype": "4028813255425d28015543b7e0be042b",
      "requestid": "402881325741bf120157d17da72e2b8a",
      "rowindex": null,
      "storename": "嘉兴周转仓",
      "storeno": "D0003",
      "tel": "15888804320"
    },
    {
      "address": "天茂钢厂共享仓库",
      "belongto": null,
      "belongtype": null,
      "bussinesscorp": null,
      "dc": "4028813260fca5590160fdfb1d2c0092",
      "deviceno": null,
      "id": "402881325741bf120157d17fc1912b92",
      "iswmsintegrate": null,
      "linkman": null,
      "manager": null,
      "memo": null,
      "nodeid": null,
      "objlevel": "4028813255425d28015543b5d3a40427",
      "objtype": "4028813255425d28015543b7e0be042b",
      "requestid": "402881325741bf120157d17fc1432b90",
      "rowindex": null,
      "storename": "唐山工厂库-test",
      "storeno": "D0010",
      "tel": "18647681520"
    }
  ],
  "message": "调用API成功"
}
2018-11-02 14:43:53,314 sendEmail.py--> send_main  20: INFO --> 运行结果：此次运行接口用例为8个,通过3个,失败5个,通过率37.50%,失败率62.50%
2018-11-02 14:43:53,314 sendEmail.py--> send_main  20: INFO --> 运行结果：此次运行接口用例为8个,通过3个,失败5个,通过率37.50%,失败率62.50%
2018-11-02 14:43:53,834 sendEmail.py--> sendMail  20: INFO --> 邮件发送成功
2018-11-02 14:43:53,834 sendEmail.py--> sendMail  20: INFO --> 邮件发送成功
2018-11-02 14:46:14,776 run_main.py--> go_on_run  20: INFO --> 测试失败
2018-11-02 14:46:14,776 run_main.py--> go_on_run  20: INFO --> 测试失败
2018-11-02 14:46:14,777 run_main.py--> go_on_run  20: INFO --> 失败case名称：登录
2018-11-02 14:46:14,777 run_main.py--> go_on_run  20: INFO --> 失败case名称：登录
2018-11-02 14:46:14,777 run_main.py--> go_on_run  20: INFO --> 失败的行数：2
2018-11-02 14:46:14,777 run_main.py--> go_on_run  20: INFO --> 失败的行数：2
2018-11-02 14:46:14,810 run_main.py--> go_on_run  20: INFO --> url:https://m.imooc.com/passport/user/login
2018-11-02 14:46:14,810 run_main.py--> go_on_run  20: INFO --> url:https://m.imooc.com/passport/user/login
2018-11-02 14:46:14,811 run_main.py--> go_on_run  20: INFO --> 失败请求数据:{'timestamp': 200, 'uid': '请求成功', 'trade_number': '1710141907182334', 'secrect': '694697627cbd7fc65f9d0f82f4fe9849', 'from': '2', 'token': 'f7d58a0db8381086dc10864b24badb7f', 'pay_way': '1'}
2018-11-02 14:46:14,811 run_main.py--> go_on_run  20: INFO --> 失败请求数据:{'timestamp': 200, 'uid': '请求成功', 'trade_number': '1710141907182334', 'secrect': '694697627cbd7fc65f9d0f82f4fe9849', 'from': '2', 'token': 'f7d58a0db8381086dc10864b24badb7f', 'pay_way': '1'}
2018-11-02 14:46:14,811 run_main.py--> go_on_run  20: INFO --> 失败响应数据:{
  "data": [],
  "msg": "参数错误",
  "status": 90008
}
2018-11-02 14:46:14,811 run_main.py--> go_on_run  20: INFO --> 失败响应数据:{
  "data": [],
  "msg": "参数错误",
  "status": 90008
}
2018-11-02 14:46:14,838 run_main.py--> go_on_run  20: INFO --> 测试失败
2018-11-02 14:46:14,838 run_main.py--> go_on_run  20: INFO --> 测试失败
2018-11-02 14:46:14,838 run_main.py--> go_on_run  20: INFO --> 失败case名称：
2018-11-02 14:46:14,838 run_main.py--> go_on_run  20: INFO --> 失败case名称：
2018-11-02 14:46:14,838 run_main.py--> go_on_run  20: INFO --> 失败的行数：20
2018-11-02 14:46:14,838 run_main.py--> go_on_run  20: INFO --> 失败的行数：20
2018-11-02 14:46:14,894 run_main.py--> go_on_run  20: INFO --> url:http://testscm.csjmro.com/yyjapi/api/purchorder/getpurchorder
2018-11-02 14:46:14,894 run_main.py--> go_on_run  20: INFO --> url:http://testscm.csjmro.com/yyjapi/api/purchorder/getpurchorder
2018-11-02 14:46:14,895 run_main.py--> go_on_run  20: INFO --> 失败请求数据:{'ticketno': 'PO20181029000441', 'flag': 0}
2018-11-02 14:46:14,895 run_main.py--> go_on_run  20: INFO --> 失败请求数据:{'ticketno': 'PO20181029000441', 'flag': 0}
2018-11-02 14:46:14,895 run_main.py--> go_on_run  20: INFO --> 失败响应数据:{
  "code": "500",
  "data": {
    "message": "org.springframework.web.HttpMediaTypeNotSupportedException: Content type 'application/x-www-form-urlencoded;charset=UTF-8' not supported"
  },
  "message": "系统错误,请联系管理员帮您解决！"
}
2018-11-02 14:46:14,895 run_main.py--> go_on_run  20: INFO --> 失败响应数据:{
  "code": "500",
  "data": {
    "message": "org.springframework.web.HttpMediaTypeNotSupportedException: Content type 'application/x-www-form-urlencoded;charset=UTF-8' not supported"
  },
  "message": "系统错误,请联系管理员帮您解决！"
}
2018-11-02 14:46:15,168 run_main.py--> go_on_run  20: INFO --> 测试通过
2018-11-02 14:46:15,168 run_main.py--> go_on_run  20: INFO --> 测试通过
2018-11-02 14:46:15,169 run_main.py--> go_on_run  20: INFO --> 通过响应数据{
  "code": "200",
  "data": "EQ20181102001417",
  "message": "成功"
}
2018-11-02 14:46:15,169 run_main.py--> go_on_run  20: INFO --> 通过响应数据{
  "code": "200",
  "data": "EQ20181102001417",
  "message": "成功"
}
2018-11-02 14:46:15,468 run_main.py--> go_on_run  20: INFO --> 测试失败
2018-11-02 14:46:15,468 run_main.py--> go_on_run  20: INFO --> 测试失败
2018-11-02 14:46:15,468 run_main.py--> go_on_run  20: INFO --> 失败case名称：
2018-11-02 14:46:15,468 run_main.py--> go_on_run  20: INFO --> 失败case名称：
2018-11-02 14:46:15,469 run_main.py--> go_on_run  20: INFO --> 失败的行数：22
2018-11-02 14:46:15,469 run_main.py--> go_on_run  20: INFO --> 失败的行数：22
2018-11-02 14:46:15,485 run_main.py--> go_on_run  20: INFO --> url:http://testscm.csjmro.com/planapi/api/workFlow/getHistoricComment
2018-11-02 14:46:15,485 run_main.py--> go_on_run  20: INFO --> url:http://testscm.csjmro.com/planapi/api/workFlow/getHistoricComment
2018-11-02 14:46:15,485 run_main.py--> go_on_run  20: INFO --> 失败请求数据:{'ticketno': 'EQ20181102001418'}
2018-11-02 14:46:15,485 run_main.py--> go_on_run  20: INFO --> 失败请求数据:{'ticketno': 'EQ20181102001418'}
2018-11-02 14:46:15,485 run_main.py--> go_on_run  20: INFO --> 失败响应数据:{
  "code": "500",
  "data": {
    "message": "org.springframework.web.HttpMediaTypeNotSupportedException: Content type 'application/x-www-form-urlencoded;charset=UTF-8' not supported"
  },
  "message": "系统错误,请联系管理员帮您解决！"
}
2018-11-02 14:46:15,485 run_main.py--> go_on_run  20: INFO --> 失败响应数据:{
  "code": "500",
  "data": {
    "message": "org.springframework.web.HttpMediaTypeNotSupportedException: Content type 'application/x-www-form-urlencoded;charset=UTF-8' not supported"
  },
  "message": "系统错误,请联系管理员帮您解决！"
}
2018-11-02 14:46:15,986 run_main.py--> go_on_run  20: INFO --> 测试失败
2018-11-02 14:46:15,986 run_main.py--> go_on_run  20: INFO --> 测试失败
2018-11-02 14:46:15,986 run_main.py--> go_on_run  20: INFO --> 失败case名称：
2018-11-02 14:46:15,986 run_main.py--> go_on_run  20: INFO --> 失败case名称：
2018-11-02 14:46:15,986 run_main.py--> go_on_run  20: INFO --> 失败的行数：23
2018-11-02 14:46:15,986 run_main.py--> go_on_run  20: INFO --> 失败的行数：23
2018-11-02 14:46:16,003 run_main.py--> go_on_run  20: INFO --> url:http://testscm.csjmro.com/planapi/api/enquiryOrder/detailInfo
2018-11-02 14:46:16,003 run_main.py--> go_on_run  20: INFO --> url:http://testscm.csjmro.com/planapi/api/enquiryOrder/detailInfo
2018-11-02 14:46:16,003 run_main.py--> go_on_run  20: INFO --> 失败请求数据:{'ticketno': 'EQ20181102001419'}
2018-11-02 14:46:16,003 run_main.py--> go_on_run  20: INFO --> 失败请求数据:{'ticketno': 'EQ20181102001419'}
2018-11-02 14:46:16,004 run_main.py--> go_on_run  20: INFO --> 失败响应数据:{
  "code": "500",
  "data": {
    "message": "org.springframework.web.HttpMediaTypeNotSupportedException: Content type 'application/x-www-form-urlencoded;charset=UTF-8' not supported"
  },
  "message": "系统错误,请联系管理员帮您解决！"
}
2018-11-02 14:46:16,004 run_main.py--> go_on_run  20: INFO --> 失败响应数据:{
  "code": "500",
  "data": {
    "message": "org.springframework.web.HttpMediaTypeNotSupportedException: Content type 'application/x-www-form-urlencoded;charset=UTF-8' not supported"
  },
  "message": "系统错误,请联系管理员帮您解决！"
}
2018-11-02 14:46:16,138 run_main.py--> go_on_run  20: INFO --> 测试失败
2018-11-02 14:46:16,138 run_main.py--> go_on_run  20: INFO --> 测试失败
2018-11-02 14:46:16,138 run_main.py--> go_on_run  20: INFO --> 失败case名称：
2018-11-02 14:46:16,138 run_main.py--> go_on_run  20: INFO --> 失败case名称：
2018-11-02 14:46:16,138 run_main.py--> go_on_run  20: INFO --> 失败的行数：24
2018-11-02 14:46:16,138 run_main.py--> go_on_run  20: INFO --> 失败的行数：24
2018-11-02 14:46:16,155 run_main.py--> go_on_run  20: INFO --> url:http://m.imooc.com/passport/user/login
2018-11-02 14:46:16,155 run_main.py--> go_on_run  20: INFO --> url:http://m.imooc.com/passport/user/login
2018-11-02 14:46:16,155 run_main.py--> go_on_run  20: INFO --> 失败请求数据:{'username': '17729597958', 'password': 'andong527011764', 'verify': '', 'referer': 'http://m.imooc.com'}
2018-11-02 14:46:16,155 run_main.py--> go_on_run  20: INFO --> 失败请求数据:{'username': '17729597958', 'password': 'andong527011764', 'verify': '', 'referer': 'http://m.imooc.com'}
2018-11-02 14:46:16,155 run_main.py--> go_on_run  20: INFO --> 失败响应数据:{
  "data": [],
  "msg": "参数错误",
  "status": 90008
}
2018-11-02 14:46:16,155 run_main.py--> go_on_run  20: INFO --> 失败响应数据:{
  "data": [],
  "msg": "参数错误",
  "status": 90008
}
2018-11-02 14:46:16,318 run_main.py--> go_on_run  20: INFO --> 测试通过
2018-11-02 14:46:16,318 run_main.py--> go_on_run  20: INFO --> 测试通过
2018-11-02 14:46:16,318 run_main.py--> go_on_run  20: INFO --> 通过响应数据{
  "code": "200",
  "data": {
    "processInstanceId": "611135"
  },
  "message": "调用API成功"
}
2018-11-02 14:46:16,318 run_main.py--> go_on_run  20: INFO --> 通过响应数据{
  "code": "200",
  "data": {
    "processInstanceId": "611135"
  },
  "message": "调用API成功"
}
2018-11-02 14:46:16,359 run_main.py--> go_on_run  20: INFO --> 测试通过
2018-11-02 14:46:16,359 run_main.py--> go_on_run  20: INFO --> 测试通过
2018-11-02 14:46:16,359 run_main.py--> go_on_run  20: INFO --> 通过响应数据{
  "code": "200",
  "data": [
    {
      "address": "唐山市路南区国际五金城东川山甲仓库",
      "belongto": null,
      "belongtype": null,
      "bussinesscorp": null,
      "dc": "4028813260fca5590160fdfad37f008f",
      "deviceno": null,
      "id": "4028813255d845610155dd6ef2a70097",
      "iswmsintegrate": null,
      "linkman": null,
      "manager": null,
      "memo": null,
      "nodeid": null,
      "objlevel": "4028813255425d28015543b5d3a40427",
      "objtype": "4028813255425d28015543b7e0be042b",
      "requestid": "4028813255d845610155dd6ef1fc0095",
      "rowindex": null,
      "storename": "川山甲唐山区域库-test",
      "storeno": "0002",
      "tel": "1864768 1520"
    },
    {
      "address": "嘉兴市秀洲区吉蚂西路183号（川山甲嘉兴一级库）",
      "belongto": "4028813258ffe1cf01590071ebc5003d",
      "belongtype": "402881315c2d8a1a015c2f88eb600932",
      "bussinesscorp": null,
      "dc": "40288132612083dc01612208881d0185",
      "deviceno": null,
      "id": "402881325741bf120157d17e09b82b8f",
      "iswmsintegrate": "1",
      "linkman": "11",
      "manager": null,
      "memo": null,
      "nodeid": null,
      "objlevel": "4028813255425d28015543b5d3a40426",
      "objtype": "4028813255425d28015543b7e0be042b",
      "requestid": "402881325741bf120157d17e096a2b8d",
      "rowindex": null,
      "storename": "嘉兴MRO仓",
      "storeno": "D0004",
      "tel": "15888804320"
    },
    {
      "address": "宝安体育馆",
      "belongto": null,
      "belongtype": "402881315c2d8a1a015c2f88eb600934",
      "bussinesscorp": null,
      "dc": null,
      "deviceno": null,
      "id": "4028813258ffe1cf0159007563920049",
      "iswmsintegrate": null,
      "linkman": "何先生",
      "manager": null,
      "memo": null,
      "nodeid": null,
      "objlevel": "4028813255425d28015543b5d3a40427",
      "objtype": "4028813255425d28015543b7e0be042b",
      "requestid": "4028813258ffe1cf0159007563240047",
      "rowindex": null,
      "storename": "深圳中心库-虚拟",
      "storeno": "sz0001",
      "tel": "18767159265"
    },
    {
      "address": "嘉兴市秀洲区吉蚂西路183号（川山甲嘉兴一级库）",
      "belongto": null,
      "belongtype": null,
      "bussinesscorp": null,
      "dc": "40288132612083dc01612208881d0185",
      "deviceno": null,
      "id": "402881325741bf120157d17da77c2b8c",
      "iswmsintegrate": null,
      "linkman": null,
      "manager": null,
      "memo": null,
      "nodeid": null,
      "objlevel": "4028813255425d28015543b5d3a40426",
      "objtype": "4028813255425d28015543b7e0be042b",
      "requestid": "402881325741bf120157d17da72e2b8a",
      "rowindex": null,
      "storename": "嘉兴周转仓",
      "storeno": "D0003",
      "tel": "15888804320"
    },
    {
      "address": "天茂钢厂共享仓库",
      "belongto": null,
      "belongtype": null,
      "bussinesscorp": null,
      "dc": "4028813260fca5590160fdfb1d2c0092",
      "deviceno": null,
      "id": "402881325741bf120157d17fc1912b92",
      "iswmsintegrate": null,
      "linkman": null,
      "manager": null,
      "memo": null,
      "nodeid": null,
      "objlevel": "4028813255425d28015543b5d3a40427",
      "objtype": "4028813255425d28015543b7e0be042b",
      "requestid": "402881325741bf120157d17fc1432b90",
      "rowindex": null,
      "storename": "唐山工厂库-test",
      "storeno": "D0010",
      "tel": "18647681520"
    }
  ],
  "message": "调用API成功"
}
2018-11-02 14:46:16,359 run_main.py--> go_on_run  20: INFO --> 通过响应数据{
  "code": "200",
  "data": [
    {
      "address": "唐山市路南区国际五金城东川山甲仓库",
      "belongto": null,
      "belongtype": null,
      "bussinesscorp": null,
      "dc": "4028813260fca5590160fdfad37f008f",
      "deviceno": null,
      "id": "4028813255d845610155dd6ef2a70097",
      "iswmsintegrate": null,
      "linkman": null,
      "manager": null,
      "memo": null,
      "nodeid": null,
      "objlevel": "4028813255425d28015543b5d3a40427",
      "objtype": "4028813255425d28015543b7e0be042b",
      "requestid": "4028813255d845610155dd6ef1fc0095",
      "rowindex": null,
      "storename": "川山甲唐山区域库-test",
      "storeno": "0002",
      "tel": "1864768 1520"
    },
    {
      "address": "嘉兴市秀洲区吉蚂西路183号（川山甲嘉兴一级库）",
      "belongto": "4028813258ffe1cf01590071ebc5003d",
      "belongtype": "402881315c2d8a1a015c2f88eb600932",
      "bussinesscorp": null,
      "dc": "40288132612083dc01612208881d0185",
      "deviceno": null,
      "id": "402881325741bf120157d17e09b82b8f",
      "iswmsintegrate": "1",
      "linkman": "11",
      "manager": null,
      "memo": null,
      "nodeid": null,
      "objlevel": "4028813255425d28015543b5d3a40426",
      "objtype": "4028813255425d28015543b7e0be042b",
      "requestid": "402881325741bf120157d17e096a2b8d",
      "rowindex": null,
      "storename": "嘉兴MRO仓",
      "storeno": "D0004",
      "tel": "15888804320"
    },
    {
      "address": "宝安体育馆",
      "belongto": null,
      "belongtype": "402881315c2d8a1a015c2f88eb600934",
      "bussinesscorp": null,
      "dc": null,
      "deviceno": null,
      "id": "4028813258ffe1cf0159007563920049",
      "iswmsintegrate": null,
      "linkman": "何先生",
      "manager": null,
      "memo": null,
      "nodeid": null,
      "objlevel": "4028813255425d28015543b5d3a40427",
      "objtype": "4028813255425d28015543b7e0be042b",
      "requestid": "4028813258ffe1cf0159007563240047",
      "rowindex": null,
      "storename": "深圳中心库-虚拟",
      "storeno": "sz0001",
      "tel": "18767159265"
    },
    {
      "address": "嘉兴市秀洲区吉蚂西路183号（川山甲嘉兴一级库）",
      "belongto": null,
      "belongtype": null,
      "bussinesscorp": null,
      "dc": "40288132612083dc01612208881d0185",
      "deviceno": null,
      "id": "402881325741bf120157d17da77c2b8c",
      "iswmsintegrate": null,
      "linkman": null,
      "manager": null,
      "memo": null,
      "nodeid": null,
      "objlevel": "4028813255425d28015543b5d3a40426",
      "objtype": "4028813255425d28015543b7e0be042b",
      "requestid": "402881325741bf120157d17da72e2b8a",
      "rowindex": null,
      "storename": "嘉兴周转仓",
      "storeno": "D0003",
      "tel": "15888804320"
    },
    {
      "address": "天茂钢厂共享仓库",
      "belongto": null,
      "belongtype": null,
      "bussinesscorp": null,
      "dc": "4028813260fca5590160fdfb1d2c0092",
      "deviceno": null,
      "id": "402881325741bf120157d17fc1912b92",
      "iswmsintegrate": null,
      "linkman": null,
      "manager": null,
      "memo": null,
      "nodeid": null,
      "objlevel": "4028813255425d28015543b5d3a40427",
      "objtype": "4028813255425d28015543b7e0be042b",
      "requestid": "402881325741bf120157d17fc1432b90",
      "rowindex": null,
      "storename": "唐山工厂库-test",
      "storeno": "D0010",
      "tel": "18647681520"
    }
  ],
  "message": "调用API成功"
}
2018-11-02 14:46:16,359 sendEmail.py--> send_main  20: INFO --> 运行结果：此次运行接口用例为8个,通过3个,失败5个,通过率37.50%,失败率62.50%
2018-11-02 14:46:16,359 sendEmail.py--> send_main  20: INFO --> 运行结果：此次运行接口用例为8个,通过3个,失败5个,通过率37.50%,失败率62.50%
2018-11-02 14:46:17,086 sendEmail.py--> sendMail  20: INFO --> 邮件发送成功
2018-11-02 14:46:17,086 sendEmail.py--> sendMail  20: INFO --> 邮件发送成功
